<?xml version="1.0" encoding="UTF-8"?>
<testng-results skipped="0" failed="0" ignored="0" total="6" passed="6">
  <reporter-output>
  </reporter-output>
  <suite name="AmazonTest" duration-ms="8374" started-at="2019-03-03T06:55:01Z" finished-at="2019-03-03T06:55:10Z">
    <groups>
    </groups>
    <test name="AmazonTest" duration-ms="8374" started-at="2019-03-03T06:55:01Z" finished-at="2019-03-03T06:55:10Z">
      <class name="com.automation.test.SQSTest">
        <test-method status="PASS" signature="setup()[pri:0, instance:com.automation.test.SQSTest@57536d79]" name="setup" is-config="true" duration-ms="1218" started-at="2019-03-03T06:55:01Z" finished-at="2019-03-03T06:55:03Z">
          <reporter-output>
          </reporter-output>
        </test-method> <!-- setup -->
        <test-method status="PASS" signature="testSingleMessage_send_receive()[pri:0, instance:com.automation.test.SQSTest@57536d79]" name="testSingleMessage_send_receive" duration-ms="22" started-at="2019-03-03T06:55:03Z" finished-at="2019-03-03T06:55:03Z">
          <reporter-output>
          </reporter-output>
        </test-method> <!-- testSingleMessage_send_receive -->
        <test-method status="PASS" signature="clearq()[pri:0, instance:com.automation.test.SQSTest@57536d79]" name="clearq" is-config="true" duration-ms="16" started-at="2019-03-03T06:55:03Z" finished-at="2019-03-03T06:55:03Z">
          <reporter-output>
          </reporter-output>
        </test-method> <!-- clearq -->
        <test-method status="PASS" signature="testSingleMessage_send_receive_delay()[pri:0, instance:com.automation.test.SQSTest@57536d79]" name="testSingleMessage_send_receive_delay" duration-ms="6029" started-at="2019-03-03T06:55:03Z" finished-at="2019-03-03T06:55:09Z">
          <reporter-output>
          </reporter-output>
        </test-method> <!-- testSingleMessage_send_receive_delay -->
        <test-method status="PASS" signature="clearq()[pri:0, instance:com.automation.test.SQSTest@57536d79]" name="clearq" is-config="true" duration-ms="15" started-at="2019-03-03T06:55:09Z" finished-at="2019-03-03T06:55:09Z">
          <reporter-output>
          </reporter-output>
        </test-method> <!-- clearq -->
        <test-method status="PASS" signature="testSingleMessage_send_receive_delay_without_wait()[pri:0, instance:com.automation.test.SQSTest@57536d79]" name="testSingleMessage_send_receive_delay_without_wait" duration-ms="0" started-at="2019-03-03T06:55:09Z" finished-at="2019-03-03T06:55:09Z">
          <reporter-output>
          </reporter-output>
        </test-method> <!-- testSingleMessage_send_receive_delay_without_wait -->
        <test-method status="PASS" signature="clearq()[pri:0, instance:com.automation.test.SQSTest@57536d79]" name="clearq" is-config="true" duration-ms="16" started-at="2019-03-03T06:55:09Z" finished-at="2019-03-03T06:55:09Z">
          <reporter-output>
          </reporter-output>
        </test-method> <!-- clearq -->
        <test-method status="PASS" signature="testSendBatchMessages()[pri:0, instance:com.automation.test.SQSTest@57536d79]" name="testSendBatchMessages" duration-ms="69" started-at="2019-03-03T06:55:09Z" finished-at="2019-03-03T06:55:09Z">
          <reporter-output>
          </reporter-output>
        </test-method> <!-- testSendBatchMessages -->
        <test-method status="PASS" signature="clearq()[pri:0, instance:com.automation.test.SQSTest@57536d79]" name="clearq" is-config="true" duration-ms="31" started-at="2019-03-03T06:55:09Z" finished-at="2019-03-03T06:55:09Z">
          <reporter-output>
          </reporter-output>
        </test-method> <!-- clearq -->
        <test-method status="PASS" signature="testSendMultipleMessages()[pri:0, instance:com.automation.test.SQSTest@57536d79]" name="testSendMultipleMessages" duration-ms="457" started-at="2019-03-03T06:55:09Z" finished-at="2019-03-03T06:55:09Z">
          <reporter-output>
          </reporter-output>
        </test-method> <!-- testSendMultipleMessages -->
        <test-method status="PASS" signature="clearq()[pri:0, instance:com.automation.test.SQSTest@57536d79]" name="clearq" is-config="true" duration-ms="13" started-at="2019-03-03T06:55:09Z" finished-at="2019-03-03T06:55:09Z">
          <reporter-output>
          </reporter-output>
        </test-method> <!-- clearq -->
        <test-method status="PASS" signature="multi_thread_connection_sending()[pri:0, instance:com.automation.test.SQSTest@57536d79]" name="multi_thread_connection_sending" duration-ms="445" started-at="2019-03-03T06:55:09Z" finished-at="2019-03-03T06:55:10Z">
          <reporter-output>
          </reporter-output>
        </test-method> <!-- multi_thread_connection_sending -->
        <test-method status="PASS" signature="clearq()[pri:0, instance:com.automation.test.SQSTest@57536d79]" name="clearq" is-config="true" duration-ms="21" started-at="2019-03-03T06:55:10Z" finished-at="2019-03-03T06:55:10Z">
          <reporter-output>
          </reporter-output>
        </test-method> <!-- clearq -->
        <test-method status="PASS" signature="cleanup()[pri:0, instance:com.automation.test.SQSTest@57536d79]" name="cleanup" is-config="true" duration-ms="5" started-at="2019-03-03T06:55:10Z" finished-at="2019-03-03T06:55:10Z">
          <reporter-output>
          </reporter-output>
        </test-method> <!-- cleanup -->
      </class> <!-- com.automation.test.SQSTest -->
    </test> <!-- AmazonTest -->
  </suite> <!-- AmazonTest -->
</testng-results>
