<?xml version="1.0" encoding="UTF-8"?>
<testsuite xmlns:xsi="http://www.w3.org/2001/XMLSchema-instance" xsi:noNamespaceSchemaLocation="https://maven.apache.org/surefire/maven-surefire-plugin/xsd/surefire-test-report.xsd" name="TestSuite" time="9.165" tests="6" errors="0" skipped="0" failures="0">
  <properties>
[...]
</properties>
  <testcase name="testSingleMessage_send_receive" classname="com.automation.test.SQSTest" time="0.022"/>
  <testcase name="testSingleMessage_send_receive_delay" classname="com.automation.test.SQSTest" time="6.029"/>
  <testcase name="testSingleMessage_send_receive_delay_without_wait" classname="com.automation.test.SQSTest" time="0.031"/>
  <testcase name="testSendBatchMessages" classname="com.automation.test.SQSTest" time="0.162"/>
  <testcase name="testSendMultipleMessages" classname="com.automation.test.SQSTest" time="0.233"/>
  <testcase name="multi_thread_connection_sending" classname="com.automation.test.SQSTest" time="0.166"/>
</testsuite>