<?xml version="1.0" encoding="UTF-8"?>
<!-- Generated by org.testng.reporters.JUnitXMLReporter -->
<testsuite hostname="DESKTOP-CK4TRLN" ignored="0" name="AmazonTest" tests="6" failures="0" timestamp="03 Mar 2019 06:55:10 GMT" time="8.374" errors="0">
  <testcase name="testSingleMessage_send_receive" time="0.022" classname="com.automation.test.SQSTest"/>
  <testcase name="testSingleMessage_send_receive_delay" time="6.029" classname="com.automation.test.SQSTest"/>
  <testcase name="testSingleMessage_send_receive_delay_without_wait" time="0.0" classname="com.automation.test.SQSTest"/>
  <testcase name="testSendBatchMessages" time="0.069" classname="com.automation.test.SQSTest"/>
  <testcase name="testSendMultipleMessages" time="0.457" classname="com.automation.test.SQSTest"/>
  <testcase name="multi_thread_connection_sending" time="0.445" classname="com.automation.test.SQSTest"/>
</testsuite> <!-- AmazonTest -->
